<?xml version="1.0" encoding="UTF-8"?>
<!-- Generated by org.testng.reporters.JUnitReportReporter -->
<testsuite hostname="users-MacBook-Pro.local" failures="0" tests="2" name="com.thegreatcourses.tests.TestingScreenshots" time="16.439" errors="0" timestamp="23 Feb 2019 10:22:44 GMT" skipped="0">
  <testcase classname="com.thegreatcourses.tests.TestingScreenshots" name="testing_screen_shot2" time="9.900"/>
  <testcase classname="com.thegreatcourses.tests.TestingScreenshots" name="testing_screen_shot1" time="6.539"/>
</testsuite> <!-- com.thegreatcourses.tests.TestingScreenshots -->
